<?xml version="1.0" encoding="UTF-8"?>
<testng-results ignored="0" total="1" passed="1" failed="0" skipped="0">
  <reporter-output>
  </reporter-output>
  <suite started-at="2019-09-24T13:54:04Z" name="Default suite" finished-at="2019-09-24T13:55:01Z" duration-ms="56821">
    <groups>
    </groups>
    <test started-at="2019-09-24T13:54:04Z" name="Default test" finished-at="2019-09-24T13:55:01Z" duration-ms="56821">
      <class name="com.atmecs.project.script.Script">
        <test-method is-config="true" signature="browserSetup()[pri:0, instance:com.atmecs.project.script.Script@4b44655e]" started-at="2019-09-24T13:54:04Z" name="browserSetup" finished-at="2019-09-24T13:55:00Z" duration-ms="55796" status="PASS">
          <reporter-output>
          </reporter-output>
        </test-method> <!-- browserSetup -->
        <test-method signature="test()[pri:0, instance:com.atmecs.project.script.Script@4b44655e]" started-at="2019-09-24T13:55:00Z" name="test" finished-at="2019-09-24T13:55:00Z" duration-ms="51" status="PASS">
          <reporter-output>
          </reporter-output>
        </test-method> <!-- test -->
        <test-method is-config="true" signature="browserClose()[pri:0, instance:com.atmecs.project.script.Script@4b44655e]" started-at="2019-09-24T13:55:00Z" name="browserClose" finished-at="2019-09-24T13:55:01Z" duration-ms="911" status="PASS">
          <reporter-output>
          </reporter-output>
        </test-method> <!-- browserClose -->
      </class> <!-- com.atmecs.project.script.Script -->
    </test> <!-- Default test -->
  </suite> <!-- Default suite -->
</testng-results>
